生成启动时间为 2017/12/10 16:44:49。
     1>项目“D:\c语言\VS2013\贪吃Snake\贪吃Snake\贪吃Snake.vcxproj”在节点 2 上(Build 个目标)。
     1>ClCompile:
         D:\c语言\VS2013\VC\bin\CL.exe /c /ZI /nologo /W3 /WX- /Od /Oy- /D WIN32 /D _DEBUG /D _CONSOLE /D _LIB /D _UNICODE /D UNICODE /Gm /EHsc /RTC1 /MDd /GS /fp:precise /Zc:wchar_t /Zc:forScope /Fo"Debug\\" /Fd"Debug\vc120.pdb" /Gd /TP /analyze- /errorReport:prompt Snake.cpp
         Snake.cpp
     1>d:\c语言\vs2013\贪吃snake\贪吃snake\snake.cpp(179): warning C4996: 'fopen': This function or variable may be unsafe. Consider using fopen_s instead. To disable deprecation, use _CRT_SECURE_NO_WARNINGS. See online help for details.
                 d:\c语言\vs2013\vc\include\stdio.h(211) : 参见“fopen”的声明
     1>d:\c语言\vs2013\贪吃snake\贪吃snake\snake.cpp(184): warning C4996: 'fscanf': This function or variable may be unsafe. Consider using fscanf_s instead. To disable deprecation, use _CRT_SECURE_NO_WARNINGS. See online help for details.
                 d:\c语言\vs2013\vc\include\stdio.h(230) : 参见“fscanf”的声明
     1>d:\c语言\vs2013\贪吃snake\贪吃snake\snake.cpp(192): warning C4996: 'fopen': This function or variable may be unsafe. Consider using fopen_s instead. To disable deprecation, use _CRT_SECURE_NO_WARNINGS. See online help for details.
                 d:\c语言\vs2013\vc\include\stdio.h(211) : 参见“fopen”的声明
     1>d:\c语言\vs2013\贪吃snake\贪吃snake\snake.cpp(370): warning C4996: '_swprintf': This function or variable may be unsafe. Consider using _swprintf_s instead. To disable deprecation, use _CRT_SECURE_NO_WARNINGS. See online help for details.
                 d:\c语言\vs2013\vc\include\wchar.h(787) : 参见“_swprintf”的声明
     1>d:\c语言\vs2013\贪吃snake\贪吃snake\snake.cpp(372): warning C4996: '_swprintf': This function or variable may be unsafe. Consider using _swprintf_s instead. To disable deprecation, use _CRT_SECURE_NO_WARNINGS. See online help for details.
                 d:\c语言\vs2013\vc\include\wchar.h(787) : 参见“_swprintf”的声明
     1>d:\c语言\vs2013\贪吃snake\贪吃snake\snake.cpp(389): warning C4996: '_swprintf': This function or variable may be unsafe. Consider using _swprintf_s instead. To disable deprecation, use _CRT_SECURE_NO_WARNINGS. See online help for details.
                 d:\c语言\vs2013\vc\include\wchar.h(787) : 参见“_swprintf”的声明
     1>d:\c语言\vs2013\贪吃snake\贪吃snake\snake.cpp(391): warning C4996: '_swprintf': This function or variable may be unsafe. Consider using _swprintf_s instead. To disable deprecation, use _CRT_SECURE_NO_WARNINGS. See online help for details.
                 d:\c语言\vs2013\vc\include\wchar.h(787) : 参见“_swprintf”的声明
     1>d:\c语言\vs2013\贪吃snake\贪吃snake\snake.cpp(411): warning C4996: '_swprintf': This function or variable may be unsafe. Consider using _swprintf_s instead. To disable deprecation, use _CRT_SECURE_NO_WARNINGS. See online help for details.
                 d:\c语言\vs2013\vc\include\wchar.h(787) : 参见“_swprintf”的声明
     1>d:\c语言\vs2013\贪吃snake\贪吃snake\snake.cpp(414): warning C4996: '_swprintf': This function or variable may be unsafe. Consider using _swprintf_s instead. To disable deprecation, use _CRT_SECURE_NO_WARNINGS. See online help for details.
                 d:\c语言\vs2013\vc\include\wchar.h(787) : 参见“_swprintf”的声明
     1>d:\c语言\vs2013\贪吃snake\贪吃snake\snake.cpp(417): warning C4996: '_swprintf': This function or variable may be unsafe. Consider using _swprintf_s instead. To disable deprecation, use _CRT_SECURE_NO_WARNINGS. See online help for details.
                 d:\c语言\vs2013\vc\include\wchar.h(787) : 参见“_swprintf”的声明
     1>d:\c语言\vs2013\贪吃snake\贪吃snake\snake.cpp(441): warning C4996: 'kbhit': The POSIX name for this item is deprecated. Instead, use the ISO C++ conformant name: _kbhit. See online help for details.
                 d:\c语言\vs2013\vc\include\conio.h(133) : 参见“kbhit”的声明
     1>d:\c语言\vs2013\贪吃snake\贪吃snake\snake.cpp(455): warning C4996: 'getch': The POSIX name for this item is deprecated. Instead, use the ISO C++ conformant name: _getch. See online help for details.
                 d:\c语言\vs2013\vc\include\conio.h(131) : 参见“getch”的声明
     1>d:\c语言\vs2013\贪吃snake\贪吃snake\snake.cpp(463): warning C4996: 'getch': The POSIX name for this item is deprecated. Instead, use the ISO C++ conformant name: _getch. See online help for details.
                 d:\c语言\vs2013\vc\include\conio.h(131) : 参见“getch”的声明
       Link:
         D:\c语言\VS2013\VC\bin\link.exe /ERRORREPORT:PROMPT /OUT:"D:\c语言\VS2013\贪吃Snake\Debug\贪吃Snake.exe" /INCREMENTAL /NOLOGO kernel32.lib user32.lib gdi32.lib winspool.lib comdlg32.lib advapi32.lib shell32.lib ole32.lib oleaut32.lib uuid.lib odbc32.lib odbccp32.lib /MANIFEST /MANIFESTUAC:"level='asInvoker' uiAccess='false'" /manifest:embed /DEBUG /PDB:"D:\c语言\VS2013\贪吃Snake\Debug\贪吃Snake.pdb" /SUBSYSTEM:CONSOLE /TLBID:1 /DYNAMICBASE /NXCOMPAT /IMPLIB:"D:\c语言\VS2013\贪吃Snake\Debug\贪吃Snake.lib" /MACHINE:X86 Debug\Snake.obj
         贪吃Snake.vcxproj -> D:\c语言\VS2013\贪吃Snake\Debug\贪吃Snake.exe
     1>已完成生成项目“D:\c语言\VS2013\贪吃Snake\贪吃Snake\贪吃Snake.vcxproj”(Build 个目标)的操作。

生成成功。

已用时间 00:00:00.93
